[debug] [2021-11-05T07:50:53.864Z] ----------------------------------------------------------------------
[debug] [2021-11-05T07:50:53.875Z] Command:       C:\Program Files\nodejs\node.exe C:\Users\Acer\AppData\Roaming\npm\node_modules\firebase-tools\lib\bin\firebase.js init
[debug] [2021-11-05T07:50:53.876Z] CLI Version:   9.22.0
[debug] [2021-11-05T07:50:53.877Z] Platform:      win32
[debug] [2021-11-05T07:50:53.877Z] Node Version:  v12.14.0
[debug] [2021-11-05T07:50:53.894Z] Time:          Fri Nov 05 2021 13:20:53 GMT+0530 (India Standard Time)
[debug] [2021-11-05T07:50:53.895Z] ----------------------------------------------------------------------
[debug] 
[debug] [2021-11-05T07:50:54.140Z] > command requires scopes: ["email","openid","https://www.googleapis.com/auth/cloudplatformprojects.readonly","https://www.googleapis.com/auth/firebase","https://www.googleapis.com/auth/cloud-platform"]
[debug] [2021-11-05T07:50:54.140Z] > authorizing via signed-in user (sruthiptk7@gmail.com)
[info] 
     ######## #### ########  ######## ########     ###     ######  ########
     ##        ##  ##     ## ##       ##     ##  ##   ##  ##       ##
     ######    ##  ########  ######   ########  #########  ######  ######
     ##        ##  ##    ##  ##       ##     ## ##     ##       ## ##
     ##       #### ##     ## ######## ########  ##     ##  ######  ########

You're about to initialize a Firebase project in this directory:

  C:\weather

Before we get started, keep in mind:

  * You are currently outside your home directory
  * You are initializing within an existing Firebase project directory

[info] 
=== Project Setup
[info] 
[info] First, let's associate this project directory with a Firebase project.
[info] You can create multiple project aliases by running firebase use --add, 
[info] but for now we'll just set up a default project.
[info] 
[debug] [2021-11-05T07:54:09.454Z] >>> [apiv2][query] GET https://firebase.googleapis.com/v1beta1/projects pageSize=100
[debug] [2021-11-05T07:54:10.316Z] <<< [apiv2][status] GET https://firebase.googleapis.com/v1beta1/projects 200
[debug] [2021-11-05T07:54:10.317Z] <<< [apiv2][body] GET https://firebase.googleapis.com/v1beta1/projects [omitted]
[info] i  Using project weatherapp-1a33c (weatherApp) 
[info] 
=== Firestore Setup
[debug] [2021-11-05T07:54:14.765Z] > refreshing access token with scopes: ["email","https://www.googleapis.com/auth/cloud-platform","https://www.googleapis.com/auth/cloudplatformprojects.readonly","https://www.googleapis.com/auth/firebase","openid"]
[debug] [2021-11-05T07:54:14.766Z] >>> HTTP REQUEST POST https://www.googleapis.com/oauth2/v3/token  
 <request body omitted>
[debug] [2021-11-05T07:54:14.974Z] <<< HTTP RESPONSE 200 {"pragma":"no-cache","cache-control":"no-cache, no-store, max-age=0, must-revalidate","expires":"Mon, 01 Jan 1990 00:00:00 GMT","date":"Fri, 05 Nov 2021 07:54:10 GMT","content-type":"application/json; charset=utf-8","vary":"X-Origin, Referer, Origin,Accept-Encoding","server":"scaffolding on HTTPServer2","x-xss-protection":"0","x-frame-options":"SAMEORIGIN","x-content-type-options":"nosniff","alt-svc":"h3=\":443\"; ma=2592000,h3-29=\":443\"; ma=2592000,h3-Q050=\":443\"; ma=2592000,h3-Q046=\":443\"; ma=2592000,h3-Q043=\":443\"; ma=2592000,quic=\":443\"; ma=2592000; v=\"46,43\"","accept-ranges":"none","transfer-encoding":"chunked"}
[debug] [2021-11-05T07:54:15.143Z] >>> HTTP REQUEST GET https://serviceusage.googleapis.com/v1/projects/weatherapp-1a33c/services/firestore.googleapis.com  
 
[debug] [2021-11-05T07:54:16.873Z] <<< HTTP RESPONSE 200 {"content-type":"application/json; charset=UTF-8","vary":"X-Origin, Referer, Origin,Accept-Encoding","date":"Fri, 05 Nov 2021 07:54:12 GMT","server":"ESF","cache-control":"private","x-xss-protection":"0","x-frame-options":"SAMEORIGIN","x-content-type-options":"nosniff","alt-svc":"h3=\":443\"; ma=2592000,h3-29=\":443\"; ma=2592000,h3-Q050=\":443\"; ma=2592000,h3-Q046=\":443\"; ma=2592000,h3-Q043=\":443\"; ma=2592000,quic=\":443\"; ma=2592000; v=\"46,43\"","accept-ranges":"none","transfer-encoding":"chunked"}
[debug] [2021-11-05T07:54:16.875Z] >>> HTTP REQUEST GET https://appengine.googleapis.com/v1/apps/weatherapp-1a33c  
 
[debug] [2021-11-05T07:54:17.746Z] <<< HTTP RESPONSE 200 {"content-type":"application/json; charset=UTF-8","vary":"X-Origin, Referer, Origin,Accept-Encoding","date":"Fri, 05 Nov 2021 07:54:13 GMT","server":"ESF","cache-control":"private","x-xss-protection":"0","x-frame-options":"SAMEORIGIN","x-content-type-options":"nosniff","alt-svc":"h3=\":443\"; ma=2592000,h3-29=\":443\"; ma=2592000,h3-Q050=\":443\"; ma=2592000,h3-Q046=\":443\"; ma=2592000,h3-Q043=\":443\"; ma=2592000,quic=\":443\"; ma=2592000; v=\"46,43\"","accept-ranges":"none","transfer-encoding":"chunked"}
[debug] [2021-11-05T07:54:17.747Z] database_type: CLOUD_FIRESTORE
[debug] [2021-11-05T07:54:17.750Z] > command requires scopes: ["email","openid","https://www.googleapis.com/auth/cloudplatformprojects.readonly","https://www.googleapis.com/auth/firebase","https://www.googleapis.com/auth/cloud-platform"]
[debug] [2021-11-05T07:54:17.750Z] > authorizing via signed-in user (sruthiptk7@gmail.com)
[debug] [2021-11-05T07:54:17.751Z] [iam] checking project weatherapp-1a33c for permissions ["firebase.projects.get"]
[debug] [2021-11-05T07:54:17.752Z] >>> HTTP REQUEST POST https://cloudresourcemanager.googleapis.com/v1/projects/weatherapp-1a33c:testIamPermissions  
 {"permissions":["firebase.projects.get"]}
[debug] [2021-11-05T07:54:19.155Z] <<< HTTP RESPONSE 200 {"content-type":"application/json; charset=UTF-8","vary":"X-Origin, Referer, Origin,Accept-Encoding","date":"Fri, 05 Nov 2021 07:54:14 GMT","server":"ESF","cache-control":"private","x-xss-protection":"0","x-frame-options":"SAMEORIGIN","x-content-type-options":"nosniff","server-timing":"gfet4t7; dur=1165","alt-svc":"h3=\":443\"; ma=2592000,h3-29=\":443\"; ma=2592000,h3-Q050=\":443\"; ma=2592000,h3-Q046=\":443\"; ma=2592000,h3-Q043=\":443\"; ma=2592000,quic=\":443\"; ma=2592000; v=\"46,43\"","accept-ranges":"none","transfer-encoding":"chunked"}
[info] 
[info] Firestore Security Rules allow you to define how and when to allow
[info] requests. You can keep these rules in your project directory
[info] and publish them with firebase deploy.
[info] 
[debug] [2021-11-05T07:55:18.226Z] >>> HTTP REQUEST GET https://firebaserules.googleapis.com/v1/projects/weatherapp-1a33c/releases?pageSize=10&pageToken=  
 
[debug] [2021-11-05T07:55:19.706Z] <<< HTTP RESPONSE 200 {"content-type":"application/json; charset=UTF-8","vary":"X-Origin, Referer, Origin,Accept-Encoding","date":"Fri, 05 Nov 2021 07:55:15 GMT","server":"ESF","cache-control":"private","x-xss-protection":"0","x-frame-options":"SAMEORIGIN","x-content-type-options":"nosniff","alt-svc":"h3=\":443\"; ma=2592000,h3-29=\":443\"; ma=2592000,h3-Q050=\":443\"; ma=2592000,h3-Q046=\":443\"; ma=2592000,h3-Q043=\":443\"; ma=2592000,quic=\":443\"; ma=2592000; v=\"46,43\"","accept-ranges":"none","transfer-encoding":"chunked"}
[debug] [2021-11-05T07:55:19.708Z] Found ruleset: projects/weatherapp-1a33c/rulesets/7f0e78c3-5674-413b-90fa-e7413c37fa2a
[debug] [2021-11-05T07:55:19.710Z] >>> HTTP REQUEST GET https://firebaserules.googleapis.com/v1/projects/weatherapp-1a33c/rulesets/7f0e78c3-5674-413b-90fa-e7413c37fa2a  
 
[debug] [2021-11-05T07:55:21.037Z] <<< HTTP RESPONSE 200 {"content-type":"application/json; charset=UTF-8","vary":"X-Origin, Referer, Origin,Accept-Encoding","date":"Fri, 05 Nov 2021 07:55:16 GMT","server":"ESF","cache-control":"private","x-xss-protection":"0","x-frame-options":"SAMEORIGIN","x-content-type-options":"nosniff","alt-svc":"h3=\":443\"; ma=2592000,h3-29=\":443\"; ma=2592000,h3-Q050=\":443\"; ma=2592000,h3-Q046=\":443\"; ma=2592000,h3-Q043=\":443\"; ma=2592000,quic=\":443\"; ma=2592000; v=\"46,43\"","accept-ranges":"none","transfer-encoding":"chunked"}
[info] 
[info] Firestore indexes allow you to perform complex queries while
[info] maintaining performance that scales with the size of the result
[info] set. You can keep index definitions in your project directory
[info] and publish them with firebase deploy.
[info] 
[debug] [2021-11-05T07:55:24.147Z] >>> HTTP REQUEST GET https://firestore.googleapis.com/v1/projects/weatherapp-1a33c/databases/(default)/collectionGroups/-/indexes  
 
[debug] [2021-11-05T07:55:24.149Z] >>> HTTP REQUEST GET https://firestore.googleapis.com/v1/projects/weatherapp-1a33c/databases/(default)/collectionGroups/-/fields?filter=indexConfig.usesAncestorConfig=false  
 
[debug] [2021-11-05T07:55:25.013Z] <<< HTTP RESPONSE 200 {"content-type":"application/json; charset=UTF-8","vary":"X-Origin, Referer, Origin,Accept-Encoding","date":"Fri, 05 Nov 2021 07:55:20 GMT","server":"ESF","cache-control":"private","x-xss-protection":"0","x-frame-options":"SAMEORIGIN","x-content-type-options":"nosniff","alt-svc":"h3=\":443\"; ma=2592000,h3-29=\":443\"; ma=2592000,h3-Q050=\":443\"; ma=2592000,h3-Q046=\":443\"; ma=2592000,h3-Q043=\":443\"; ma=2592000,quic=\":443\"; ma=2592000; v=\"46,43\"","accept-ranges":"none","transfer-encoding":"chunked"}
[debug] [2021-11-05T07:55:25.016Z] <<< HTTP RESPONSE 200 {"content-type":"application/json; charset=UTF-8","vary":"X-Origin, Referer, Origin,Accept-Encoding","date":"Fri, 05 Nov 2021 07:55:20 GMT","server":"ESF","cache-control":"private","x-xss-protection":"0","x-frame-options":"SAMEORIGIN","x-content-type-options":"nosniff","alt-svc":"h3=\":443\"; ma=2592000,h3-29=\":443\"; ma=2592000,h3-Q050=\":443\"; ma=2592000,h3-Q046=\":443\"; ma=2592000,h3-Q043=\":443\"; ma=2592000,quic=\":443\"; ma=2592000; v=\"46,43\"","accept-ranges":"none","transfer-encoding":"chunked"}
[info] 
=== Hosting Setup
[info] 
[info] Your public directory is the folder (relative to your project directory) that
[info] will contain Hosting assets to be uploaded with firebase deploy. If you
[info] have a build process for your assets, use your build's output directory.
[info] 
[debug] [2021-11-05T07:56:12.624Z] >>> [apiv2][query] GET https://www.gstatic.com/firebasejs/releases.json [none]
[debug] [2021-11-05T07:56:12.770Z] <<< [apiv2][status] GET https://www.gstatic.com/firebasejs/releases.json 200
[debug] [2021-11-05T07:56:12.770Z] <<< [apiv2][body] GET https://www.gstatic.com/firebasejs/releases.json {"current":{"version":"9.3.0","browserURL":"https://www.gstatic.com/firebasejs/9.3.0/firebase.js","packageURL":"https://www.gstatic.com/firebasejs/9.3.0/firebase.tgz"},"live":{"version":"9.3","browserURL":"https://www.gstatic.com/firebasejs/live/9.3/firebase.js","packageURL":"https://www.gstatic.com/firebasejs/live/9.3/firebase.tgz"},"components":{"analytics":"https://www.gstatic.com/firebasejs/9.3.0/firebase-analytics.js","app":"https://www.gstatic.com/firebasejs/9.3.0/firebase-app.js","app-check":"https://www.gstatic.com/firebasejs/9.3.0/firebase-app-check.js","auth":"https://www.gstatic.com/firebasejs/9.3.0/firebase-auth.js","auth/cordova":"https://www.gstatic.com/firebasejs/9.3.0/firebase-auth/cordova.js","auth/react-native":"https://www.gstatic.com/firebasejs/9.3.0/firebase-auth/react-native.js","functions":"https://www.gstatic.com/firebasejs/9.3.0/firebase-functions.js","firestore":"https://www.gstatic.com/firebasejs/9.3.0/firebase-firestore.js","firestore/lite":"https://www.gstatic.com/firebasejs/9.3.0/firebase-firestore/lite.js","storage":"https://www.gstatic.com/firebasejs/9.3.0/firebase-storage.js","performance":"https://www.gstatic.com/firebasejs/9.3.0/firebase-performance.js","remote-config":"https://www.gstatic.com/firebasejs/9.3.0/firebase-remote-config.js","messaging":"https://www.gstatic.com/firebasejs/9.3.0/firebase-messaging.js","messaging/sw":"https://www.gstatic.com/firebasejs/9.3.0/firebase-messaging/sw.js","database":"https://www.gstatic.com/firebasejs/9.3.0/firebase-database.js","firestore.memory":"https://www.gstatic.com/firebasejs/9.3.0/firebase-firestore.memory.js"}}
[info] +  Wrote dist/index.html 
[info] 
[info] i  Didn't detect a .git folder. Assuming C:\weather is the project root. 
[info] i  Authorizing with GitHub to upload your service account to a GitHub repository's secrets store. 
[info] 
[info] Visit this URL on this device to log in:
[info] https://github.com/login/oauth/authorize?client_id=89cf50f02ac6aaed3484&state=232833302&redirect_uri=http%3A%2F%2Flocalhost%3A9005&scope=read%3Auser%20repo%20public_repo
[info] 
[info] Waiting for authentication...
